<?xml version="1.0" encoding="UTF-8"?>
<testsuite xmlns:xsi="http://www.w3.org/2001/XMLSchema-instance" xsi:noNamespaceSchemaLocation="https://maven.apache.org/surefire/maven-surefire-plugin/xsd/surefire-test-report-3.0.xsd" version="3.0" name="TestSuite" time="42.191" tests="3" errors="0" skipped="0" failures="3">
  <properties>
    <property name="java.specification.version" value="15"/>
    <property name="webdriver.chrome.driver" value="C:\Users\ME\.cache\selenium\chromedriver\win32\114.0.5735.90\chromedriver.exe"/>
    <property name="sun.cpu.isalist" value="amd64"/>
    <property name="sun.jnu.encoding" value="Cp1252"/>
    <property name="java.class.path" value="C:\Users\ME\eclipse-workspace\TodoApplicationProjct\target\test-classes;C:\Users\ME\eclipse-workspace\TodoApplicationProjct\target\classes;C:\Users\ME\.m2\repository\org\seleniumhq\selenium\selenium-java\4.8.2\selenium-java-4.8.2.jar;C:\Users\ME\.m2\repository\org\seleniumhq\selenium\selenium-api\4.8.2\selenium-api-4.8.2.jar;C:\Users\ME\.m2\repository\org\seleniumhq\selenium\selenium-chrome-driver\4.8.2\selenium-chrome-driver-4.8.2.jar;C:\Users\ME\.m2\repository\com\google\auto\service\auto-service-annotations\1.0.1\auto-service-annotations-1.0.1.jar;C:\Users\ME\.m2\repository\com\google\auto\service\auto-service\1.0.1\auto-service-1.0.1.jar;C:\Users\ME\.m2\repository\com\google\auto\auto-common\1.2\auto-common-1.2.jar;C:\Users\ME\.m2\repository\com\google\guava\guava\31.1-jre\guava-31.1-jre.jar;C:\Users\ME\.m2\repository\com\google\guava\failureaccess\1.0.1\failureaccess-1.0.1.jar;C:\Users\ME\.m2\repository\com\google\guava\listenablefuture\9999.0-empty-to-avoid-conflict-with-guava\listenablefuture-9999.0-empty-to-avoid-conflict-with-guava.jar;C:\Users\ME\.m2\repository\com\google\code\findbugs\jsr305\3.0.2\jsr305-3.0.2.jar;C:\Users\ME\.m2\repository\org\checkerframework\checker-qual\3.12.0\checker-qual-3.12.0.jar;C:\Users\ME\.m2\repository\com\google\errorprone\error_prone_annotations\2.11.0\error_prone_annotations-2.11.0.jar;C:\Users\ME\.m2\repository\com\google\j2objc\j2objc-annotations\1.3\j2objc-annotations-1.3.jar;C:\Users\ME\.m2\repository\org\seleniumhq\selenium\selenium-chromium-driver\4.8.2\selenium-chromium-driver-4.8.2.jar;C:\Users\ME\.m2\repository\org\seleniumhq\selenium\selenium-json\4.8.2\selenium-json-4.8.2.jar;C:\Users\ME\.m2\repository\org\seleniumhq\selenium\selenium-manager\4.8.2\selenium-manager-4.8.2.jar;C:\Users\ME\.m2\repository\org\seleniumhq\selenium\selenium-devtools-v109\4.8.2\selenium-devtools-v109-4.8.2.jar;C:\Users\ME\.m2\repository\org\seleniumhq\selenium\selenium-devtools-v110\4.8.2\selenium-devtools-v110-4.8.2.jar;C:\Users\ME\.m2\repository\org\seleniumhq\selenium\selenium-devtools-v111\4.8.2\selenium-devtools-v111-4.8.2.jar;C:\Users\ME\.m2\repository\org\seleniumhq\selenium\selenium-devtools-v85\4.8.2\selenium-devtools-v85-4.8.2.jar;C:\Users\ME\.m2\repository\org\seleniumhq\selenium\selenium-edge-driver\4.8.2\selenium-edge-driver-4.8.2.jar;C:\Users\ME\.m2\repository\org\seleniumhq\selenium\selenium-firefox-driver\4.8.2\selenium-firefox-driver-4.8.2.jar;C:\Users\ME\.m2\repository\org\seleniumhq\selenium\selenium-http\4.8.2\selenium-http-4.8.2.jar;C:\Users\ME\.m2\repository\dev\failsafe\failsafe\3.3.1\failsafe-3.3.1.jar;C:\Users\ME\.m2\repository\org\seleniumhq\selenium\selenium-ie-driver\4.8.2\selenium-ie-driver-4.8.2.jar;C:\Users\ME\.m2\repository\org\seleniumhq\selenium\selenium-remote-driver\4.8.2\selenium-remote-driver-4.8.2.jar;C:\Users\ME\.m2\repository\io\netty\netty-buffer\4.1.90.Final\netty-buffer-4.1.90.Final.jar;C:\Users\ME\.m2\repository\io\netty\netty-codec-http\4.1.90.Final\netty-codec-http-4.1.90.Final.jar;C:\Users\ME\.m2\repository\io\netty\netty-codec\4.1.90.Final\netty-codec-4.1.90.Final.jar;C:\Users\ME\.m2\repository\io\netty\netty-handler\4.1.90.Final\netty-handler-4.1.90.Final.jar;C:\Users\ME\.m2\repository\io\netty\netty-common\4.1.90.Final\netty-common-4.1.90.Final.jar;C:\Users\ME\.m2\repository\io\netty\netty-transport-classes-epoll\4.1.90.Final\netty-transport-classes-epoll-4.1.90.Final.jar;C:\Users\ME\.m2\repository\io\netty\netty-transport-classes-kqueue\4.1.90.Final\netty-transport-classes-kqueue-4.1.90.Final.jar;C:\Users\ME\.m2\repository\io\netty\netty-transport-native-epoll\4.1.90.Final\netty-transport-native-epoll-4.1.90.Final.jar;C:\Users\ME\.m2\repository\io\netty\netty-transport-native-kqueue\4.1.90.Final\netty-transport-native-kqueue-4.1.90.Final.jar;C:\Users\ME\.m2\repository\io\netty\netty-transport-native-unix-common\4.1.90.Final\netty-transport-native-unix-common-4.1.90.Final.jar;C:\Users\ME\.m2\repository\io\netty\netty-transport\4.1.90.Final\netty-transport-4.1.90.Final.jar;C:\Users\ME\.m2\repository\io\netty\netty-resolver\4.1.90.Final\netty-resolver-4.1.90.Final.jar;C:\Users\ME\.m2\repository\io\opentelemetry\opentelemetry-api\1.24.0\opentelemetry-api-1.24.0.jar;C:\Users\ME\.m2\repository\io\opentelemetry\opentelemetry-context\1.24.0\opentelemetry-context-1.24.0.jar;C:\Users\ME\.m2\repository\io\opentelemetry\opentelemetry-exporter-logging\1.24.0\opentelemetry-exporter-logging-1.24.0.jar;C:\Users\ME\.m2\repository\io\opentelemetry\opentelemetry-sdk-metrics\1.24.0\opentelemetry-sdk-metrics-1.24.0.jar;C:\Users\ME\.m2\repository\io\opentelemetry\opentelemetry-sdk-logs\1.24.0-alpha\opentelemetry-sdk-logs-1.24.0-alpha.jar;C:\Users\ME\.m2\repository\io\opentelemetry\opentelemetry-api-logs\1.24.0-alpha\opentelemetry-api-logs-1.24.0-alpha.jar;C:\Users\ME\.m2\repository\io\opentelemetry\opentelemetry-api-events\1.24.0-alpha\opentelemetry-api-events-1.24.0-alpha.jar;C:\Users\ME\.m2\repository\io\opentelemetry\opentelemetry-sdk-common\1.24.0\opentelemetry-sdk-common-1.24.0.jar;C:\Users\ME\.m2\repository\io\opentelemetry\opentelemetry-sdk-extension-autoconfigure-spi\1.24.0\opentelemetry-sdk-extension-autoconfigure-spi-1.24.0.jar;C:\Users\ME\.m2\repository\io\opentelemetry\opentelemetry-sdk-extension-autoconfigure\1.24.0-alpha\opentelemetry-sdk-extension-autoconfigure-1.24.0-alpha.jar;C:\Users\ME\.m2\repository\io\opentelemetry\opentelemetry-sdk-trace\1.24.0\opentelemetry-sdk-trace-1.24.0.jar;C:\Users\ME\.m2\repository\io\opentelemetry\opentelemetry-sdk\1.24.0\opentelemetry-sdk-1.24.0.jar;C:\Users\ME\.m2\repository\io\opentelemetry\opentelemetry-semconv\1.24.0-alpha\opentelemetry-semconv-1.24.0-alpha.jar;C:\Users\ME\.m2\repository\io\ous\jtoml\2.0.0\jtoml-2.0.0.jar;C:\Users\ME\.m2\repository\net\bytebuddy\byte-buddy\1.14.2\byte-buddy-1.14.2.jar;C:\Users\ME\.m2\repository\org\apache\commons\commons-exec\1.3\commons-exec-1.3.jar;C:\Users\ME\.m2\repository\org\asynchttpclient\async-http-client\2.12.3\async-http-client-2.12.3.jar;C:\Users\ME\.m2\repository\org\asynchttpclient\async-http-client-netty-utils\2.12.3\async-http-client-netty-utils-2.12.3.jar;C:\Users\ME\.m2\repository\io\netty\netty-codec-socks\4.1.60.Final\netty-codec-socks-4.1.60.Final.jar;C:\Users\ME\.m2\repository\io\netty\netty-handler-proxy\4.1.60.Final\netty-handler-proxy-4.1.60.Final.jar;C:\Users\ME\.m2\repository\io\netty\netty-transport-native-epoll\4.1.60.Final\netty-transport-native-epoll-4.1.60.Final-linux-x86_64.jar;C:\Users\ME\.m2\repository\io\netty\netty-transport-native-kqueue\4.1.60.Final\netty-transport-native-kqueue-4.1.60.Final-osx-x86_64.jar;C:\Users\ME\.m2\repository\org\reactivestreams\reactive-streams\1.0.3\reactive-streams-1.0.3.jar;C:\Users\ME\.m2\repository\com\typesafe\netty\netty-reactive-streams\2.0.4\netty-reactive-streams-2.0.4.jar;C:\Users\ME\.m2\repository\com\sun\activation\jakarta.activation\1.2.2\jakarta.activation-1.2.2.jar;C:\Users\ME\.m2\repository\org\seleniumhq\selenium\selenium-safari-driver\4.8.2\selenium-safari-driver-4.8.2.jar;C:\Users\ME\.m2\repository\org\seleniumhq\selenium\selenium-support\4.8.2\selenium-support-4.8.2.jar;C:\Users\ME\.m2\repository\io\github\bonigarcia\webdrivermanager\5.2.1\webdrivermanager-5.2.1.jar;C:\Users\ME\.m2\repository\org\slf4j\slf4j-api\1.7.36\slf4j-api-1.7.36.jar;C:\Users\ME\.m2\repository\com\google\code\gson\gson\2.9.0\gson-2.9.0.jar;C:\Users\ME\.m2\repository\com\github\docker-java\docker-java\3.2.13\docker-java-3.2.13.jar;C:\Users\ME\.m2\repository\com\github\docker-java\docker-java-core\3.2.13\docker-java-core-3.2.13.jar;C:\Users\ME\.m2\repository\com\github\docker-java\docker-java-api\3.2.13\docker-java-api-3.2.13.jar;C:\Users\ME\.m2\repository\com\fasterxml\jackson\core\jackson-annotations\2.10.3\jackson-annotations-2.10.3.jar;C:\Users\ME\.m2\repository\commons-io\commons-io\2.6\commons-io-2.6.jar;C:\Users\ME\.m2\repository\org\apache\commons\commons-compress\1.21\commons-compress-1.21.jar;C:\Users\ME\.m2\repository\com\fasterxml\jackson\core\jackson-databind\2.10.3\jackson-databind-2.10.3.jar;C:\Users\ME\.m2\repository\com\fasterxml\jackson\core\jackson-core\2.10.3\jackson-core-2.10.3.jar;C:\Users\ME\.m2\repository\org\bouncycastle\bcpkix-jdk15on\1.64\bcpkix-jdk15on-1.64.jar;C:\Users\ME\.m2\repository\org\bouncycastle\bcprov-jdk15on\1.64\bcprov-jdk15on-1.64.jar;C:\Users\ME\.m2\repository\org\slf4j\jcl-over-slf4j\1.7.30\jcl-over-slf4j-1.7.30.jar;C:\Users\ME\.m2\repository\com\github\docker-java\docker-java-transport-httpclient5\3.2.13\docker-java-transport-httpclient5-3.2.13.jar;C:\Users\ME\.m2\repository\com\github\docker-java\docker-java-transport\3.2.13\docker-java-transport-3.2.13.jar;C:\Users\ME\.m2\repository\net\java\dev\jna\jna\5.8.0\jna-5.8.0.jar;C:\Users\ME\.m2\repository\org\brotli\dec\0.1.2\dec-0.1.2.jar;C:\Users\ME\.m2\repository\org\apache\commons\commons-lang3\3.12.0\commons-lang3-3.12.0.jar;C:\Users\ME\.m2\repository\org\apache\httpcomponents\client5\httpclient5\5.1.3\httpclient5-5.1.3.jar;C:\Users\ME\.m2\repository\org\apache\httpcomponents\core5\httpcore5\5.1.3\httpcore5-5.1.3.jar;C:\Users\ME\.m2\repository\org\apache\httpcomponents\core5\httpcore5-h2\5.1.3\httpcore5-h2-5.1.3.jar;C:\Users\ME\.m2\repository\commons-codec\commons-codec\1.15\commons-codec-1.15.jar;C:\Users\ME\.m2\repository\org\testng\testng\7.7.1\testng-7.7.1.jar;C:\Users\ME\.m2\repository\com\beust\jcommander\1.82\jcommander-1.82.jar;C:\Users\ME\.m2\repository\org\webjars\jquery\3.6.1\jquery-3.6.1.jar;C:\Users\ME\.m2\repository\io\qameta\allure\allure-testng\2.22.2\allure-testng-2.22.2.jar;C:\Users\ME\.m2\repository\io\qameta\allure\allure-java-commons\2.22.2\allure-java-commons-2.22.2.jar;C:\Users\ME\.m2\repository\io\qameta\allure\allure-model\2.22.2\allure-model-2.22.2.jar;C:\Users\ME\.m2\repository\io\qameta\allure\allure-test-filter\2.22.2\allure-test-filter-2.22.2.jar;"/>
    <property name="java.vm.vendor" value="Oracle Corporation"/>
    <property name="sun.arch.data.model" value="64"/>
    <property name="user.variant" value=""/>
    <property name="java.vendor.url" value="https://java.oracle.com/"/>
    <property name="user.timezone" value="Europe/Paris"/>
    <property name="os.name" value="Windows 10"/>
    <property name="java.vm.specification.version" value="15"/>
    <property name="sun.java.launcher" value="SUN_STANDARD"/>
    <property name="user.country" value="FR"/>
    <property name="sun.boot.library.path" value="C:\Users\ME\Desktop\eclipse\plugins\org.eclipse.justj.openjdk.hotspot.jre.full.win32.x86_64_15.0.2.v20210201-0955\jre\bin"/>
    <property name="sun.java.command" value="C:\Users\ME\AppData\Local\Temp\surefire15019826728496665620\surefirebooter-20230703105918207_3.jar C:\Users\ME\AppData\Local\Temp\surefire15019826728496665620 2023-07-03T10-59-17_618-jvmRun1 surefire-20230703105918207_1tmp surefire_0-20230703105918207_2tmp"/>
    <property name="jdk.debug" value="release"/>
    <property name="surefire.test.class.path" value="C:\Users\ME\eclipse-workspace\TodoApplicationProjct\target\test-classes;C:\Users\ME\eclipse-workspace\TodoApplicationProjct\target\classes;C:\Users\ME\.m2\repository\org\seleniumhq\selenium\selenium-java\4.8.2\selenium-java-4.8.2.jar;C:\Users\ME\.m2\repository\org\seleniumhq\selenium\selenium-api\4.8.2\selenium-api-4.8.2.jar;C:\Users\ME\.m2\repository\org\seleniumhq\selenium\selenium-chrome-driver\4.8.2\selenium-chrome-driver-4.8.2.jar;C:\Users\ME\.m2\repository\com\google\auto\service\auto-service-annotations\1.0.1\auto-service-annotations-1.0.1.jar;C:\Users\ME\.m2\repository\com\google\auto\service\auto-service\1.0.1\auto-service-1.0.1.jar;C:\Users\ME\.m2\repository\com\google\auto\auto-common\1.2\auto-common-1.2.jar;C:\Users\ME\.m2\repository\com\google\guava\guava\31.1-jre\guava-31.1-jre.jar;C:\Users\ME\.m2\repository\com\google\guava\failureaccess\1.0.1\failureaccess-1.0.1.jar;C:\Users\ME\.m2\repository\com\google\guava\listenablefuture\9999.0-empty-to-avoid-conflict-with-guava\listenablefuture-9999.0-empty-to-avoid-conflict-with-guava.jar;C:\Users\ME\.m2\repository\com\google\code\findbugs\jsr305\3.0.2\jsr305-3.0.2.jar;C:\Users\ME\.m2\repository\org\checkerframework\checker-qual\3.12.0\checker-qual-3.12.0.jar;C:\Users\ME\.m2\repository\com\google\errorprone\error_prone_annotations\2.11.0\error_prone_annotations-2.11.0.jar;C:\Users\ME\.m2\repository\com\google\j2objc\j2objc-annotations\1.3\j2objc-annotations-1.3.jar;C:\Users\ME\.m2\repository\org\seleniumhq\selenium\selenium-chromium-driver\4.8.2\selenium-chromium-driver-4.8.2.jar;C:\Users\ME\.m2\repository\org\seleniumhq\selenium\selenium-json\4.8.2\selenium-json-4.8.2.jar;C:\Users\ME\.m2\repository\org\seleniumhq\selenium\selenium-manager\4.8.2\selenium-manager-4.8.2.jar;C:\Users\ME\.m2\repository\org\seleniumhq\selenium\selenium-devtools-v109\4.8.2\selenium-devtools-v109-4.8.2.jar;C:\Users\ME\.m2\repository\org\seleniumhq\selenium\selenium-devtools-v110\4.8.2\selenium-devtools-v110-4.8.2.jar;C:\Users\ME\.m2\repository\org\seleniumhq\selenium\selenium-devtools-v111\4.8.2\selenium-devtools-v111-4.8.2.jar;C:\Users\ME\.m2\repository\org\seleniumhq\selenium\selenium-devtools-v85\4.8.2\selenium-devtools-v85-4.8.2.jar;C:\Users\ME\.m2\repository\org\seleniumhq\selenium\selenium-edge-driver\4.8.2\selenium-edge-driver-4.8.2.jar;C:\Users\ME\.m2\repository\org\seleniumhq\selenium\selenium-firefox-driver\4.8.2\selenium-firefox-driver-4.8.2.jar;C:\Users\ME\.m2\repository\org\seleniumhq\selenium\selenium-http\4.8.2\selenium-http-4.8.2.jar;C:\Users\ME\.m2\repository\dev\failsafe\failsafe\3.3.1\failsafe-3.3.1.jar;C:\Users\ME\.m2\repository\org\seleniumhq\selenium\selenium-ie-driver\4.8.2\selenium-ie-driver-4.8.2.jar;C:\Users\ME\.m2\repository\org\seleniumhq\selenium\selenium-remote-driver\4.8.2\selenium-remote-driver-4.8.2.jar;C:\Users\ME\.m2\repository\io\netty\netty-buffer\4.1.90.Final\netty-buffer-4.1.90.Final.jar;C:\Users\ME\.m2\repository\io\netty\netty-codec-http\4.1.90.Final\netty-codec-http-4.1.90.Final.jar;C:\Users\ME\.m2\repository\io\netty\netty-codec\4.1.90.Final\netty-codec-4.1.90.Final.jar;C:\Users\ME\.m2\repository\io\netty\netty-handler\4.1.90.Final\netty-handler-4.1.90.Final.jar;C:\Users\ME\.m2\repository\io\netty\netty-common\4.1.90.Final\netty-common-4.1.90.Final.jar;C:\Users\ME\.m2\repository\io\netty\netty-transport-classes-epoll\4.1.90.Final\netty-transport-classes-epoll-4.1.90.Final.jar;C:\Users\ME\.m2\repository\io\netty\netty-transport-classes-kqueue\4.1.90.Final\netty-transport-classes-kqueue-4.1.90.Final.jar;C:\Users\ME\.m2\repository\io\netty\netty-transport-native-epoll\4.1.90.Final\netty-transport-native-epoll-4.1.90.Final.jar;C:\Users\ME\.m2\repository\io\netty\netty-transport-native-kqueue\4.1.90.Final\netty-transport-native-kqueue-4.1.90.Final.jar;C:\Users\ME\.m2\repository\io\netty\netty-transport-native-unix-common\4.1.90.Final\netty-transport-native-unix-common-4.1.90.Final.jar;C:\Users\ME\.m2\repository\io\netty\netty-transport\4.1.90.Final\netty-transport-4.1.90.Final.jar;C:\Users\ME\.m2\repository\io\netty\netty-resolver\4.1.90.Final\netty-resolver-4.1.90.Final.jar;C:\Users\ME\.m2\repository\io\opentelemetry\opentelemetry-api\1.24.0\opentelemetry-api-1.24.0.jar;C:\Users\ME\.m2\repository\io\opentelemetry\opentelemetry-context\1.24.0\opentelemetry-context-1.24.0.jar;C:\Users\ME\.m2\repository\io\opentelemetry\opentelemetry-exporter-logging\1.24.0\opentelemetry-exporter-logging-1.24.0.jar;C:\Users\ME\.m2\repository\io\opentelemetry\opentelemetry-sdk-metrics\1.24.0\opentelemetry-sdk-metrics-1.24.0.jar;C:\Users\ME\.m2\repository\io\opentelemetry\opentelemetry-sdk-logs\1.24.0-alpha\opentelemetry-sdk-logs-1.24.0-alpha.jar;C:\Users\ME\.m2\repository\io\opentelemetry\opentelemetry-api-logs\1.24.0-alpha\opentelemetry-api-logs-1.24.0-alpha.jar;C:\Users\ME\.m2\repository\io\opentelemetry\opentelemetry-api-events\1.24.0-alpha\opentelemetry-api-events-1.24.0-alpha.jar;C:\Users\ME\.m2\repository\io\opentelemetry\opentelemetry-sdk-common\1.24.0\opentelemetry-sdk-common-1.24.0.jar;C:\Users\ME\.m2\repository\io\opentelemetry\opentelemetry-sdk-extension-autoconfigure-spi\1.24.0\opentelemetry-sdk-extension-autoconfigure-spi-1.24.0.jar;C:\Users\ME\.m2\repository\io\opentelemetry\opentelemetry-sdk-extension-autoconfigure\1.24.0-alpha\opentelemetry-sdk-extension-autoconfigure-1.24.0-alpha.jar;C:\Users\ME\.m2\repository\io\opentelemetry\opentelemetry-sdk-trace\1.24.0\opentelemetry-sdk-trace-1.24.0.jar;C:\Users\ME\.m2\repository\io\opentelemetry\opentelemetry-sdk\1.24.0\opentelemetry-sdk-1.24.0.jar;C:\Users\ME\.m2\repository\io\opentelemetry\opentelemetry-semconv\1.24.0-alpha\opentelemetry-semconv-1.24.0-alpha.jar;C:\Users\ME\.m2\repository\io\ous\jtoml\2.0.0\jtoml-2.0.0.jar;C:\Users\ME\.m2\repository\net\bytebuddy\byte-buddy\1.14.2\byte-buddy-1.14.2.jar;C:\Users\ME\.m2\repository\org\apache\commons\commons-exec\1.3\commons-exec-1.3.jar;C:\Users\ME\.m2\repository\org\asynchttpclient\async-http-client\2.12.3\async-http-client-2.12.3.jar;C:\Users\ME\.m2\repository\org\asynchttpclient\async-http-client-netty-utils\2.12.3\async-http-client-netty-utils-2.12.3.jar;C:\Users\ME\.m2\repository\io\netty\netty-codec-socks\4.1.60.Final\netty-codec-socks-4.1.60.Final.jar;C:\Users\ME\.m2\repository\io\netty\netty-handler-proxy\4.1.60.Final\netty-handler-proxy-4.1.60.Final.jar;C:\Users\ME\.m2\repository\io\netty\netty-transport-native-epoll\4.1.60.Final\netty-transport-native-epoll-4.1.60.Final-linux-x86_64.jar;C:\Users\ME\.m2\repository\io\netty\netty-transport-native-kqueue\4.1.60.Final\netty-transport-native-kqueue-4.1.60.Final-osx-x86_64.jar;C:\Users\ME\.m2\repository\org\reactivestreams\reactive-streams\1.0.3\reactive-streams-1.0.3.jar;C:\Users\ME\.m2\repository\com\typesafe\netty\netty-reactive-streams\2.0.4\netty-reactive-streams-2.0.4.jar;C:\Users\ME\.m2\repository\com\sun\activation\jakarta.activation\1.2.2\jakarta.activation-1.2.2.jar;C:\Users\ME\.m2\repository\org\seleniumhq\selenium\selenium-safari-driver\4.8.2\selenium-safari-driver-4.8.2.jar;C:\Users\ME\.m2\repository\org\seleniumhq\selenium\selenium-support\4.8.2\selenium-support-4.8.2.jar;C:\Users\ME\.m2\repository\io\github\bonigarcia\webdrivermanager\5.2.1\webdrivermanager-5.2.1.jar;C:\Users\ME\.m2\repository\org\slf4j\slf4j-api\1.7.36\slf4j-api-1.7.36.jar;C:\Users\ME\.m2\repository\com\google\code\gson\gson\2.9.0\gson-2.9.0.jar;C:\Users\ME\.m2\repository\com\github\docker-java\docker-java\3.2.13\docker-java-3.2.13.jar;C:\Users\ME\.m2\repository\com\github\docker-java\docker-java-core\3.2.13\docker-java-core-3.2.13.jar;C:\Users\ME\.m2\repository\com\github\docker-java\docker-java-api\3.2.13\docker-java-api-3.2.13.jar;C:\Users\ME\.m2\repository\com\fasterxml\jackson\core\jackson-annotations\2.10.3\jackson-annotations-2.10.3.jar;C:\Users\ME\.m2\repository\commons-io\commons-io\2.6\commons-io-2.6.jar;C:\Users\ME\.m2\repository\org\apache\commons\commons-compress\1.21\commons-compress-1.21.jar;C:\Users\ME\.m2\repository\com\fasterxml\jackson\core\jackson-databind\2.10.3\jackson-databind-2.10.3.jar;C:\Users\ME\.m2\repository\com\fasterxml\jackson\core\jackson-core\2.10.3\jackson-core-2.10.3.jar;C:\Users\ME\.m2\repository\org\bouncycastle\bcpkix-jdk15on\1.64\bcpkix-jdk15on-1.64.jar;C:\Users\ME\.m2\repository\org\bouncycastle\bcprov-jdk15on\1.64\bcprov-jdk15on-1.64.jar;C:\Users\ME\.m2\repository\org\slf4j\jcl-over-slf4j\1.7.30\jcl-over-slf4j-1.7.30.jar;C:\Users\ME\.m2\repository\com\github\docker-java\docker-java-transport-httpclient5\3.2.13\docker-java-transport-httpclient5-3.2.13.jar;C:\Users\ME\.m2\repository\com\github\docker-java\docker-java-transport\3.2.13\docker-java-transport-3.2.13.jar;C:\Users\ME\.m2\repository\net\java\dev\jna\jna\5.8.0\jna-5.8.0.jar;C:\Users\ME\.m2\repository\org\brotli\dec\0.1.2\dec-0.1.2.jar;C:\Users\ME\.m2\repository\org\apache\commons\commons-lang3\3.12.0\commons-lang3-3.12.0.jar;C:\Users\ME\.m2\repository\org\apache\httpcomponents\client5\httpclient5\5.1.3\httpclient5-5.1.3.jar;C:\Users\ME\.m2\repository\org\apache\httpcomponents\core5\httpcore5\5.1.3\httpcore5-5.1.3.jar;C:\Users\ME\.m2\repository\org\apache\httpcomponents\core5\httpcore5-h2\5.1.3\httpcore5-h2-5.1.3.jar;C:\Users\ME\.m2\repository\commons-codec\commons-codec\1.15\commons-codec-1.15.jar;C:\Users\ME\.m2\repository\org\testng\testng\7.7.1\testng-7.7.1.jar;C:\Users\ME\.m2\repository\com\beust\jcommander\1.82\jcommander-1.82.jar;C:\Users\ME\.m2\repository\org\webjars\jquery\3.6.1\jquery-3.6.1.jar;C:\Users\ME\.m2\repository\io\qameta\allure\allure-testng\2.22.2\allure-testng-2.22.2.jar;C:\Users\ME\.m2\repository\io\qameta\allure\allure-java-commons\2.22.2\allure-java-commons-2.22.2.jar;C:\Users\ME\.m2\repository\io\qameta\allure\allure-model\2.22.2\allure-model-2.22.2.jar;C:\Users\ME\.m2\repository\io\qameta\allure\allure-test-filter\2.22.2\allure-test-filter-2.22.2.jar;"/>
    <property name="sun.cpu.endian" value="little"/>
    <property name="user.home" value="C:\Users\ME"/>
    <property name="user.language" value="fr"/>
    <property name="java.specification.vendor" value="Oracle Corporation"/>
    <property name="java.version.date" value="2021-01-19"/>
    <property name="java.home" value="C:\Users\ME\Desktop\eclipse\plugins\org.eclipse.justj.openjdk.hotspot.jre.full.win32.x86_64_15.0.2.v20210201-0955\jre"/>
    <property name="file.separator" value="\"/>
    <property name="basedir" value="C:\Users\ME\eclipse-workspace\TodoApplicationProjct"/>
    <property name="java.vm.compressedOopsMode" value="32-bit"/>
    <property name="line.separator" value="&#10;"/>
    <property name="java.vm.specification.vendor" value="Oracle Corporation"/>
    <property name="java.specification.name" value="Java Platform API Specification"/>
    <property name="surefire.real.class.path" value="C:\Users\ME\AppData\Local\Temp\surefire15019826728496665620\surefirebooter-20230703105918207_3.jar"/>
    <property name="user.script" value=""/>
    <property name="sun.management.compiler" value="HotSpot 64-Bit Tiered Compilers"/>
    <property name="java.runtime.version" value="15.0.2+7-27"/>
    <property name="user.name" value="ME"/>
    <property name="path.separator" value=";"/>
    <property name="os.version" value="10.0"/>
    <property name="java.runtime.name" value="OpenJDK Runtime Environment"/>
    <property name="file.encoding" value="Cp1252"/>
    <property name="java.vm.name" value="OpenJDK 64-Bit Server VM"/>
    <property name="localRepository" value="C:\Users\ME\.m2\repository"/>
    <property name="java.vendor.url.bug" value="https://bugreport.java.com/bugreport/"/>
    <property name="java.io.tmpdir" value="C:\Users\ME\AppData\Local\Temp\"/>
    <property name="java.version" value="15.0.2"/>
    <property name="user.dir" value="C:\Users\ME\eclipse-workspace\TodoApplicationProjct"/>
    <property name="os.arch" value="amd64"/>
    <property name="java.vm.specification.name" value="Java Virtual Machine Specification"/>
    <property name="sun.os.patch.level" value=""/>
    <property name="java.library.path" value="C:\Users\ME\Desktop\eclipse\plugins\org.eclipse.justj.openjdk.hotspot.jre.full.win32.x86_64_15.0.2.v20210201-0955\jre\bin;C:\Windows\Sun\Java\bin;C:\Windows\system32;C:\Windows;C:/Users/ME/Desktop/eclipse//plugins/org.eclipse.justj.openjdk.hotspot.jre.full.win32.x86_64_15.0.2.v20210201-0955/jre/bin/server;C:/Users/ME/Desktop/eclipse//plugins/org.eclipse.justj.openjdk.hotspot.jre.full.win32.x86_64_15.0.2.v20210201-0955/jre/bin;C:\Program Files\Common Files\Oracle\Java\javapath;C:\Program Files (x86)\Common Files\Oracle\Java\javapath;C:\Windows\system32;C:\Windows;C:\Windows\System32\Wbem;C:\Windows\System32\WindowsPowerShell\v1.0\;C:\Windows\System32\OpenSSH\;C:\Program Files\nodejs\;C:\Program Files\Git\cmd;C:\Program Files\apache-maven-3.9.2\bin;C:\Users\ME\scoop\shims;C:\Users\ME\AppData\Local\Microsoft\WindowsApps;C:\Users\ME\AppData\Roaming\npm;C:\Users\ME\AppData\Local\Programs\Microsoft VS Code\bin;C:\Users\ME\Desktop\eclipse;;."/>
    <property name="java.vm.info" value="mixed mode"/>
    <property name="java.vendor" value="Oracle Corporation"/>
    <property name="java.vm.version" value="15.0.2+7-27"/>
    <property name="sun.io.unicode.encoding" value="UnicodeLittle"/>
    <property name="java.class.version" value="59.0"/>
  </properties>
  <testcase name="ShouldBeAbleToLoginWithEmailAndPassword" classname="com.qacart.todo.testcases.LoginTest" time="0.581">
    <failure message="Environement is not supported" type="java.lang.RuntimeException"><![CDATA[java.lang.RuntimeException: Environement is not supported
	at utils.ConfigUtils.<init>(ConfigUtils.java:21)
	at utils.ConfigUtils.getInstance(ConfigUtils.java:31)
	at pages.LoginPage.load(LoginPage.java:46)
	at com.qacart.todo.testcases.LoginTest.ShouldBeAbleToLoginWithEmailAndPassword(LoginTest.java:27)
	at java.base/jdk.internal.reflect.NativeMethodAccessorImpl.invoke0(Native Method)
	at java.base/jdk.internal.reflect.NativeMethodAccessorImpl.invoke(NativeMethodAccessorImpl.java:64)
	at java.base/jdk.internal.reflect.DelegatingMethodAccessorImpl.invoke(DelegatingMethodAccessorImpl.java:43)
	at java.base/java.lang.reflect.Method.invoke(Method.java:564)
	at org.testng.internal.invokers.MethodInvocationHelper.invokeMethod(MethodInvocationHelper.java:139)
	at org.testng.internal.invokers.TestInvoker.invokeMethod(TestInvoker.java:677)
	at org.testng.internal.invokers.TestInvoker.invokeTestMethod(TestInvoker.java:221)
	at org.testng.internal.invokers.MethodRunner.runInSequence(MethodRunner.java:50)
	at org.testng.internal.invokers.TestInvoker$MethodInvocationAgent.invoke(TestInvoker.java:969)
	at org.testng.internal.invokers.TestInvoker.invokeTestMethods(TestInvoker.java:194)
	at org.testng.internal.invokers.TestMethodWorker.invokeTestMethods(TestMethodWorker.java:148)
	at org.testng.internal.invokers.TestMethodWorker.run(TestMethodWorker.java:128)
	at java.base/java.util.ArrayList.forEach(ArrayList.java:1511)
	at org.testng.TestRunner.privateRun(TestRunner.java:829)
	at org.testng.TestRunner.run(TestRunner.java:602)
	at org.testng.SuiteRunner.runTest(SuiteRunner.java:437)
	at org.testng.SuiteRunner.runSequentially(SuiteRunner.java:431)
	at org.testng.SuiteRunner.privateRun(SuiteRunner.java:391)
	at org.testng.SuiteRunner.run(SuiteRunner.java:330)
	at org.testng.SuiteRunnerWorker.runSuite(SuiteRunnerWorker.java:52)
	at org.testng.SuiteRunnerWorker.run(SuiteRunnerWorker.java:95)
	at org.testng.TestNG.runSuitesSequentially(TestNG.java:1256)
	at org.testng.TestNG.runSuitesLocally(TestNG.java:1176)
	at org.testng.TestNG.runSuites(TestNG.java:1099)
	at org.testng.TestNG.run(TestNG.java:1067)
	at org.apache.maven.surefire.testng.TestNGExecutor.run(TestNGExecutor.java:155)
	at org.apache.maven.surefire.testng.TestNGDirectoryTestSuite.executeMulti(TestNGDirectoryTestSuite.java:169)
	at org.apache.maven.surefire.testng.TestNGDirectoryTestSuite.execute(TestNGDirectoryTestSuite.java:88)
	at org.apache.maven.surefire.testng.TestNGProvider.invoke(TestNGProvider.java:137)
	at org.apache.maven.surefire.booter.ForkedBooter.runSuitesInProcess(ForkedBooter.java:385)
	at org.apache.maven.surefire.booter.ForkedBooter.execute(ForkedBooter.java:162)
	at org.apache.maven.surefire.booter.ForkedBooter.run(ForkedBooter.java:507)
	at org.apache.maven.surefire.booter.ForkedBooter.main(ForkedBooter.java:495)
]]></failure>
    <system-err><![CDATA[SLF4J: Failed to load class "org.slf4j.impl.StaticLoggerBinder".
SLF4J: Defaulting to no-operation (NOP) logger implementation
SLF4J: See http://www.slf4j.org/codes.html#StaticLoggerBinder for further details.
Starting ChromeDriver 114.0.5735.90 (386bc09e8f4f2e025eddae123f36f6263096ae49-refs/branch-heads/5735@{#1052}) on port 42871
Only local connections are allowed.
Please see https://chromedriver.chromium.org/security-considerations for suggestions on keeping ChromeDriver safe.
ChromeDriver was started successfully.
juil. 03, 2023 10:59:29 AM org.openqa.selenium.devtools.CdpVersionFinder findNearestMatch
WARNING: Unable to find an exact match for CDP version 114, so returning the closest version found: 111
Starting ChromeDriver 114.0.5735.90 (386bc09e8f4f2e025eddae123f36f6263096ae49-refs/branch-heads/5735@{#1052}) on port 22135
Only local connections are allowed.
Please see https://chromedriver.chromium.org/security-considerations for suggestions on keeping ChromeDriver safe.
ChromeDriver was started successfully.
juil. 03, 2023 10:59:32 AM org.openqa.selenium.devtools.CdpVersionFinder findNearestMatch
WARNING: Unable to find an exact match for CDP version 114, so returning the closest version found: 111
]]></system-err>
  </testcase>
  <testcase name="ShouldBeAbleToAddNewTodo" classname="com.qacart.todo.testcases.TodoTest" time="0.011">
    <failure message="Environement is not supported" type="java.lang.RuntimeException"><![CDATA[java.lang.RuntimeException: Environement is not supported
	at utils.ConfigUtils.<init>(ConfigUtils.java:21)
	at utils.ConfigUtils.getInstance(ConfigUtils.java:31)
	at pages.LoginPage.load(LoginPage.java:46)
	at com.qacart.todo.testcases.TodoTest.ShouldBeAbleToAddNewTodo(TodoTest.java:27)
	at java.base/jdk.internal.reflect.NativeMethodAccessorImpl.invoke0(Native Method)
	at java.base/jdk.internal.reflect.NativeMethodAccessorImpl.invoke(NativeMethodAccessorImpl.java:64)
	at java.base/jdk.internal.reflect.DelegatingMethodAccessorImpl.invoke(DelegatingMethodAccessorImpl.java:43)
	at java.base/java.lang.reflect.Method.invoke(Method.java:564)
	at org.testng.internal.invokers.MethodInvocationHelper.invokeMethod(MethodInvocationHelper.java:139)
	at org.testng.internal.invokers.TestInvoker.invokeMethod(TestInvoker.java:677)
	at org.testng.internal.invokers.TestInvoker.invokeTestMethod(TestInvoker.java:221)
	at org.testng.internal.invokers.MethodRunner.runInSequence(MethodRunner.java:50)
	at org.testng.internal.invokers.TestInvoker$MethodInvocationAgent.invoke(TestInvoker.java:969)
	at org.testng.internal.invokers.TestInvoker.invokeTestMethods(TestInvoker.java:194)
	at org.testng.internal.invokers.TestMethodWorker.invokeTestMethods(TestMethodWorker.java:148)
	at org.testng.internal.invokers.TestMethodWorker.run(TestMethodWorker.java:128)
	at java.base/java.util.ArrayList.forEach(ArrayList.java:1511)
	at org.testng.TestRunner.privateRun(TestRunner.java:829)
	at org.testng.TestRunner.run(TestRunner.java:602)
	at org.testng.SuiteRunner.runTest(SuiteRunner.java:437)
	at org.testng.SuiteRunner.runSequentially(SuiteRunner.java:431)
	at org.testng.SuiteRunner.privateRun(SuiteRunner.java:391)
	at org.testng.SuiteRunner.run(SuiteRunner.java:330)
	at org.testng.SuiteRunnerWorker.runSuite(SuiteRunnerWorker.java:52)
	at org.testng.SuiteRunnerWorker.run(SuiteRunnerWorker.java:95)
	at org.testng.TestNG.runSuitesSequentially(TestNG.java:1256)
	at org.testng.TestNG.runSuitesLocally(TestNG.java:1176)
	at org.testng.TestNG.runSuites(TestNG.java:1099)
	at org.testng.TestNG.run(TestNG.java:1067)
	at org.apache.maven.surefire.testng.TestNGExecutor.run(TestNGExecutor.java:155)
	at org.apache.maven.surefire.testng.TestNGDirectoryTestSuite.executeMulti(TestNGDirectoryTestSuite.java:169)
	at org.apache.maven.surefire.testng.TestNGDirectoryTestSuite.execute(TestNGDirectoryTestSuite.java:88)
	at org.apache.maven.surefire.testng.TestNGProvider.invoke(TestNGProvider.java:137)
	at org.apache.maven.surefire.booter.ForkedBooter.runSuitesInProcess(ForkedBooter.java:385)
	at org.apache.maven.surefire.booter.ForkedBooter.execute(ForkedBooter.java:162)
	at org.apache.maven.surefire.booter.ForkedBooter.run(ForkedBooter.java:507)
	at org.apache.maven.surefire.booter.ForkedBooter.main(ForkedBooter.java:495)
]]></failure>
    <system-err><![CDATA[juil. 03, 2023 10:59:36 AM org.openqa.selenium.remote.http.WebSocket$Listener onError
WARNING: Connection reset
java.net.SocketException: Connection reset
	at java.base/sun.nio.ch.SocketChannelImpl.throwConnectionReset(SocketChannelImpl.java:367)
	at java.base/sun.nio.ch.SocketChannelImpl.read(SocketChannelImpl.java:398)
	at io.netty.buffer.PooledByteBuf.setBytes(PooledByteBuf.java:256)
	at io.netty.buffer.AbstractByteBuf.writeBytes(AbstractByteBuf.java:1132)
	at io.netty.channel.socket.nio.NioSocketChannel.doReadBytes(NioSocketChannel.java:357)
	at io.netty.channel.nio.AbstractNioByteChannel$NioByteUnsafe.read(AbstractNioByteChannel.java:151)
	at io.netty.channel.nio.NioEventLoop.processSelectedKey(NioEventLoop.java:788)
	at io.netty.channel.nio.NioEventLoop.processSelectedKeysOptimized(NioEventLoop.java:724)
	at io.netty.channel.nio.NioEventLoop.processSelectedKeys(NioEventLoop.java:650)
	at io.netty.channel.nio.NioEventLoop.run(NioEventLoop.java:562)
	at io.netty.util.concurrent.SingleThreadEventExecutor$4.run(SingleThreadEventExecutor.java:997)
	at io.netty.util.internal.ThreadExecutorMap$2.run(ThreadExecutorMap.java:74)
	at io.netty.util.concurrent.FastThreadLocalRunnable.run(FastThreadLocalRunnable.java:30)
	at java.base/java.lang.Thread.run(Thread.java:832)

Starting ChromeDriver 114.0.5735.90 (386bc09e8f4f2e025eddae123f36f6263096ae49-refs/branch-heads/5735@{#1052}) on port 8103
Only local connections are allowed.
Please see https://chromedriver.chromium.org/security-considerations for suggestions on keeping ChromeDriver safe.
ChromeDriver was started successfully.
juil. 03, 2023 10:59:40 AM org.openqa.selenium.devtools.CdpVersionFinder findNearestMatch
WARNING: Unable to find an exact match for CDP version 114, so returning the closest version found: 111
Starting ChromeDriver 114.0.5735.90 (386bc09e8f4f2e025eddae123f36f6263096ae49-refs/branch-heads/5735@{#1052}) on port 3955
Only local connections are allowed.
Please see https://chromedriver.chromium.org/security-considerations for suggestions on keeping ChromeDriver safe.
ChromeDriver was started successfully.
juil. 03, 2023 10:59:44 AM org.openqa.selenium.devtools.CdpVersionFinder findNearestMatch
WARNING: Unable to find an exact match for CDP version 114, so returning the closest version found: 111
]]></system-err>
  </testcase>
  <testcase name="ShouldBeAbleToDeleteTodo" classname="com.qacart.todo.testcases.TodoTest" time="0.012">
    <failure message="Environement is not supported" type="java.lang.RuntimeException"><![CDATA[java.lang.RuntimeException: Environement is not supported
	at utils.ConfigUtils.<init>(ConfigUtils.java:21)
	at utils.ConfigUtils.getInstance(ConfigUtils.java:31)
	at pages.LoginPage.load(LoginPage.java:46)
	at com.qacart.todo.testcases.TodoTest.ShouldBeAbleToDeleteTodo(TodoTest.java:41)
	at java.base/jdk.internal.reflect.NativeMethodAccessorImpl.invoke0(Native Method)
	at java.base/jdk.internal.reflect.NativeMethodAccessorImpl.invoke(NativeMethodAccessorImpl.java:64)
	at java.base/jdk.internal.reflect.DelegatingMethodAccessorImpl.invoke(DelegatingMethodAccessorImpl.java:43)
	at java.base/java.lang.reflect.Method.invoke(Method.java:564)
	at org.testng.internal.invokers.MethodInvocationHelper.invokeMethod(MethodInvocationHelper.java:139)
	at org.testng.internal.invokers.TestInvoker.invokeMethod(TestInvoker.java:677)
	at org.testng.internal.invokers.TestInvoker.invokeTestMethod(TestInvoker.java:221)
	at org.testng.internal.invokers.MethodRunner.runInSequence(MethodRunner.java:50)
	at org.testng.internal.invokers.TestInvoker$MethodInvocationAgent.invoke(TestInvoker.java:969)
	at org.testng.internal.invokers.TestInvoker.invokeTestMethods(TestInvoker.java:194)
	at org.testng.internal.invokers.TestMethodWorker.invokeTestMethods(TestMethodWorker.java:148)
	at org.testng.internal.invokers.TestMethodWorker.run(TestMethodWorker.java:128)
	at java.base/java.util.ArrayList.forEach(ArrayList.java:1511)
	at org.testng.TestRunner.privateRun(TestRunner.java:829)
	at org.testng.TestRunner.run(TestRunner.java:602)
	at org.testng.SuiteRunner.runTest(SuiteRunner.java:437)
	at org.testng.SuiteRunner.runSequentially(SuiteRunner.java:431)
	at org.testng.SuiteRunner.privateRun(SuiteRunner.java:391)
	at org.testng.SuiteRunner.run(SuiteRunner.java:330)
	at org.testng.SuiteRunnerWorker.runSuite(SuiteRunnerWorker.java:52)
	at org.testng.SuiteRunnerWorker.run(SuiteRunnerWorker.java:95)
	at org.testng.TestNG.runSuitesSequentially(TestNG.java:1256)
	at org.testng.TestNG.runSuitesLocally(TestNG.java:1176)
	at org.testng.TestNG.runSuites(TestNG.java:1099)
	at org.testng.TestNG.run(TestNG.java:1067)
	at org.apache.maven.surefire.testng.TestNGExecutor.run(TestNGExecutor.java:155)
	at org.apache.maven.surefire.testng.TestNGDirectoryTestSuite.executeMulti(TestNGDirectoryTestSuite.java:169)
	at org.apache.maven.surefire.testng.TestNGDirectoryTestSuite.execute(TestNGDirectoryTestSuite.java:88)
	at org.apache.maven.surefire.testng.TestNGProvider.invoke(TestNGProvider.java:137)
	at org.apache.maven.surefire.booter.ForkedBooter.runSuitesInProcess(ForkedBooter.java:385)
	at org.apache.maven.surefire.booter.ForkedBooter.execute(ForkedBooter.java:162)
	at org.apache.maven.surefire.booter.ForkedBooter.run(ForkedBooter.java:507)
	at org.apache.maven.surefire.booter.ForkedBooter.main(ForkedBooter.java:495)
]]></failure>
    <system-err><![CDATA[Starting ChromeDriver 114.0.5735.90 (386bc09e8f4f2e025eddae123f36f6263096ae49-refs/branch-heads/5735@{#1052}) on port 8285
Only local connections are allowed.
Please see https://chromedriver.chromium.org/security-considerations for suggestions on keeping ChromeDriver safe.
ChromeDriver was started successfully.
juil. 03, 2023 10:59:49 AM org.openqa.selenium.devtools.CdpVersionFinder findNearestMatch
WARNING: Unable to find an exact match for CDP version 114, so returning the closest version found: 111
Starting ChromeDriver 114.0.5735.90 (386bc09e8f4f2e025eddae123f36f6263096ae49-refs/branch-heads/5735@{#1052}) on port 31375
Only local connections are allowed.
Please see https://chromedriver.chromium.org/security-considerations for suggestions on keeping ChromeDriver safe.
ChromeDriver was started successfully.
juil. 03, 2023 10:59:59 AM org.openqa.selenium.devtools.CdpVersionFinder findNearestMatch
WARNING: Unable to find an exact match for CDP version 114, so returning the closest version found: 111
]]></system-err>
  </testcase>
</testsuite>